#
# A fatal error has been detected by the Java Runtime Environment:
#
#  EXCEPTION_ACCESS_VIOLATION (0xc0000005) at pc=0x00007ffd307da8c5, pid=3060, tid=15128
#
# JRE version: Java(TM) SE Runtime Environment 18.9 (11.0.7+8) (build 11.0.7+8-LTS)
# Java VM: Java HotSpot(TM) 64-Bit Server VM 18.9 (11.0.7+8-LTS, mixed mode, tiered, compressed oops, g1 gc, windows-amd64)
# Problematic frame:
# V  [jvm.dll+0x68a8c5]
#
# No core dump will be written. Minidumps are not enabled by default on client versions of Windows
#
# If you would like to submit a bug report, please visit:
#   https://bugreport.java.com/bugreport/crash.jsp
#

---------------  S U M M A R Y ------------

Command Line: -Dcom.sun.management.jmxremote -Dcom.sun.management.jmxremote.port=57499 -Dcom.sun.management.jmxremote.authenticate=false -Dcom.sun.management.jmxremote.ssl=false -Djava.rmi.server.hostname=localhost -Dspring.jmx.enabled=true -Dspring.application.admin.enabled=true -Xverify:none -XX:TieredStopAtLevel=1 -Dspring.boot.project.name=cursospring -Dfile.encoding=UTF-8 com.alanlima.cursospring.CursospringApplication --spring.output.ansi.enabled=always

Host: Intel(R) Core(TM) i5-7200U CPU @ 2.50GHz, 4 cores, 7G,  Windows 10 , 64 bit Build 19041 (10.0.19041.546)
Time: Mon Nov 16 20:24:33 2020 Hora Padrão da Bahia elapsed time: 2 seconds (0d 0h 0m 2s)

---------------  T H R E A D  ---------------

Current thread (0x000002046f9b2000):  WatcherThread [stack: 0x00000034b8a00000,0x00000034b8b00000] [id=15128]

Stack: [0x00000034b8a00000,0x00000034b8b00000],  sp=0x00000034b8aff250,  free space=1020k
Native frames: (J=compiled Java code, j=interpreted, Vv=VM code, C=native code)
V  [jvm.dll+0x68a8c5]
V  [jvm.dll+0x6f394f]
V  [jvm.dll+0x73fc7d]
V  [jvm.dll+0x765fe9]
V  [jvm.dll+0x75e875]
V  [jvm.dll+0x660b26]
C  [ucrtbase.dll+0x214c2]
C  [KERNEL32.DLL+0x17034]
C  [ntdll.dll+0x4cec1]


siginfo: EXCEPTION_ACCESS_VIOLATION (0xc0000005), reading address 0x0000000c0000000b


Register to memory mapping:

RIP=0x00007ffd307da8c5 jvm.dll
RAX=0x0000000c0000000b is an unknown value
RBX=0x000002046f8f1290 points into unknown readable memory: 80 bb a4 30 fd 7f 00 00
RCX=0x000002046f90b1b0 points into unknown readable memory: 0b 00 00 00 0c 00 00 00
RDX=0x0000000000000040 is an unknown value
RSP=0x00000034b8aff250 points into unknown readable memory: 50 e8 a4 4f 04 02 00 00
RBP=0x0000000000000002 is an unknown value
RSI=0x000002046f90b470 points into unknown readable memory: 20 eb 94 6f 04 02 00 00
RDI=0x0 is NULL
R8 =0x0 is NULL
R9 =0x0000020457e50b80 is at begin+0 in a stub
StubRoutines::atomic_cmpxchg_long [0x0000020457e50b80, 0x0000020457e50b89[ (9 bytes)
R10=0x00000000546c6148 is an unknown value
R11=0x00000134171831de is an unknown value
R12=0x0 is NULL
R13=0x000002046f9b2000 points into unknown readable memory: 18 92 a5 30 fd 7f 00 00
R14=0x0000000000000040 is an unknown value
R15=0x000002046f3b02c0 points into unknown readable memory: 00 00 00 00 00 00 00 00


Registers:
RAX=0x0000000c0000000b, RBX=0x000002046f8f1290, RCX=0x000002046f90b1b0, RDX=0x0000000000000040
RSP=0x00000034b8aff250, RBP=0x0000000000000002, RSI=0x000002046f90b470, RDI=0x0000000000000000
R8 =0x0000000000000000, R9 =0x0000020457e50b80, R10=0x00000000546c6148, R11=0x00000134171831de
R12=0x0000000000000000, R13=0x000002046f9b2000, R14=0x0000000000000040, R15=0x000002046f3b02c0
RIP=0x00007ffd307da8c5, EFLAGS=0x0000000000010202

Top of Stack: (sp=0x00000034b8aff250)
0x00000034b8aff250:   000002044fa4e850 0000000000000ad0
0x00000034b8aff260:   0000000000000001 00007ffd30783850
0x00000034b8aff270:   0000000000000000 00007ffd3084394f
0x00000034b8aff280:   000002046f9b2000 000002046f9b2000
0x00000034b8aff290:   0000bd48efa1921c 00007ffd307842d9
0x00000034b8aff2a0:   00007ffd30bfabc8 00007ffd3088fc7d
0x00000034b8aff2b0:   0000000000000001 000002044fa4e850
0x00000034b8aff2c0:   000002044fa4e850 431bde82d7b634db
0x00000034b8aff2d0:   000002046f3b02c0 0000bd48efa1921c
0x00000034b8aff2e0:   000002044fa4e850 00007ffd308b5fe9
0x00000034b8aff2f0:   0000000000000001 0000000000000040
0x00000034b8aff300:   0000000000000032 0000000000000002
0x00000034b8aff310:   00000034b8aff3b0 0000000000000000
0x00000034b8aff320:   00007ffd888d0000 00007ffd889447c3
0x00000034b8aff330:   0000000000000000 00007ffd888d0000
0x00000034b8aff340:   0000000000000000 00000034b7424000 

Instructions: (pc=0x00007ffd307da8c5)
0x00007ffd307da8a5:   70 48 83 c4 50 5f c3 cc cc cc cc 40 53 48 83 ec
0x00007ffd307da8b5:   20 48 8b d9 48 8b 49 38 48 85 c9 74 0c 48 8b 01
0x00007ffd307da8c5:   ff 10 48 8b 4b 28 48 89 01 48 83 c4 20 5b c3 cc
0x00007ffd307da8d5:   cc cc cc cc cc cc cc cc cc cc cc 48 89 5c 24 08 


Stack slot to memory mapping:
stack at sp + 0 slots: 0x000002044fa4e850 points into unknown readable memory: 01 00 00 00 00 00 00 00
stack at sp + 1 slots: 0x0000000000000ad0 is an unknown value
stack at sp + 2 slots: 0x0000000000000001 is an unknown value
stack at sp + 3 slots: 0x00007ffd30783850 jvm.dll
stack at sp + 4 slots: 0x0 is NULL
stack at sp + 5 slots: 0x00007ffd3084394f jvm.dll
stack at sp + 6 slots: 0x000002046f9b2000 points into unknown readable memory: 18 92 a5 30 fd 7f 00 00
stack at sp + 7 slots: 0x000002046f9b2000 points into unknown readable memory: 18 92 a5 30 fd 7f 00 00


---------------  P R O C E S S  ---------------

Threads class SMR info:
_java_thread_list=0x000002046f94d920, length=12, elements={
0x000002044fa4f000, 0x000002046deaa000, 0x000002046deb5800, 0x000002046e832800,
0x000002046e833000, 0x000002046decd000, 0x000002046deda800, 0x000002046de3f000,
0x000002046ea8c800, 0x000002046f916000, 0x000002046f919000, 0x000002046f91f800
}

Java Threads: ( => current thread )
  0x000002044fa4f000 JavaThread "main" [_thread_blocked, id=4764, stack(0x00000034b7600000,0x00000034b7700000)]
  0x000002046deaa000 JavaThread "Reference Handler" daemon [_thread_blocked, id=13968, stack(0x00000034b7d00000,0x00000034b7e00000)]
  0x000002046deb5800 JavaThread "Finalizer" daemon [_thread_blocked, id=2788, stack(0x00000034b7e00000,0x00000034b7f00000)]
  0x000002046e832800 JavaThread "Signal Dispatcher" daemon [_thread_blocked, id=9228, stack(0x00000034b7f00000,0x00000034b8000000)]
  0x000002046e833000 JavaThread "Attach Listener" daemon [_thread_blocked, id=8004, stack(0x00000034b8000000,0x00000034b8100000)]
  0x000002046decd000 JavaThread "C1 CompilerThread0" daemon [_thread_in_vm, id=11920, stack(0x00000034b8100000,0x00000034b8200000)]
  0x000002046deda800 JavaThread "Sweeper thread" daemon [_thread_blocked, id=9108, stack(0x00000034b8200000,0x00000034b8300000)]
  0x000002046de3f000 JavaThread "Common-Cleaner" daemon [_thread_blocked, id=5284, stack(0x00000034b8300000,0x00000034b8400000)]
  0x000002046ea8c800 JavaThread "Service Thread" daemon [_thread_blocked, id=7368, stack(0x00000034b8400000,0x00000034b8500000)]
  0x000002046f916000 JavaThread "RMI TCP Accept-0" daemon [_thread_in_native, id=3496, stack(0x00000034b8700000,0x00000034b8800000)]
  0x000002046f919000 JavaThread "RMI TCP Accept-57499" daemon [_thread_blocked, id=3396, stack(0x00000034b8800000,0x00000034b8900000)]
  0x000002046f91f800 JavaThread "RMI TCP Accept-0" daemon [_thread_in_native, id=14220, stack(0x00000034b8900000,0x00000034b8a00000)]

Other Threads:
  0x000002046de85800 VMThread "VM Thread" [stack: 0x00000034b7c00000,0x00000034b7d00000] [id=11116]
=>0x000002046f9b2000 WatcherThread [stack: 0x00000034b8a00000,0x00000034b8b00000] [id=15128]
  0x000002044fa69000 GCTaskThread "GC Thread#0" [stack: 0x00000034b7700000,0x00000034b7800000] [id=12240]
  0x000002046ebed800 GCTaskThread "GC Thread#1" [stack: 0x00000034b8500000,0x00000034b8600000] [id=9788]
  0x000002046ebee000 GCTaskThread "GC Thread#2" [stack: 0x00000034b8600000,0x00000034b8700000] [id=9224]
  0x000002044fa9c000 ConcurrentGCThread "G1 Main Marker" [stack: 0x00000034b7800000,0x00000034b7900000] [id=1064]
  0x000002044fa9d000 ConcurrentGCThread "G1 Conc#0" [stack: 0x00000034b7900000,0x00000034b7a00000] [id=6484]
  0x000002046dcf0800 ConcurrentGCThread "G1 Refine#0" [stack: 0x00000034b7a00000,0x00000034b7b00000] [id=15080]
  0x000002046dcf3000 ConcurrentGCThread "G1 Young RemSet Sampling" [stack: 0x00000034b7b00000,0x00000034b7c00000] [id=936]

Threads with active compile tasks:
C1 CompilerThread01088       1       java.util.concurrent.ConcurrentHashMap$EntryIterator::next (5 bytes)

VM state:synchronizing (normal execution)

VM Mutex/Monitor currently owned by a thread:  ([mutex/lock_event])
[0x000002044fa4d530] Threads_lock - owner thread: 0x000002046de85800
[0x000002044fa4de30] Compile_lock - owner thread: 0x000002044fa4f000
[0x000002044fa4e850] PeriodicTask_lock - owner thread: 0x000002046f9b2000

Heap address: 0x0000000081400000, size: 2028 MB, Compressed Oops mode: 32-bit
Narrow klass base: 0x0000000000000000, Narrow klass shift: 3
Compressed class space size: 1073741824 Address: 0x0000000100000000

Heap:
 garbage-first heap   total 131072K, used 30301K [0x0000000081400000, 0x0000000100000000)
  region size 1024K, 14 young (14336K), 2 survivors (2048K)
 Metaspace       used 13727K, capacity 14146K, committed 14464K, reserved 1062912K
  class space    used 1426K, capacity 1573K, committed 1664K, reserved 1048576K
Heap Regions: E=young(eden), S=young(survivor), O=old, HS=humongous(starts), HC=humongous(continues), CS=collection set, F=free, A=archive, TAMS=top-at-mark-start (previous, next)
|   0|0x0000000081400000, 0x0000000081500000, 0x0000000081500000|100%|HS|  |TAMS 0x0000000081400000, 0x0000000081400000| Complete 
|   1|0x0000000081500000, 0x0000000081600000, 0x0000000081600000|100%| O|  |TAMS 0x0000000081500000, 0x0000000081500000| Untracked 
|   2|0x0000000081600000, 0x0000000081700000, 0x0000000081700000|100%| O|  |TAMS 0x0000000081600000, 0x0000000081600000| Untracked 
|   3|0x0000000081700000, 0x0000000081800000, 0x0000000081800000|100%| O|  |TAMS 0x0000000081700000, 0x0000000081700000| Untracked 
|   4|0x0000000081800000, 0x0000000081900000, 0x0000000081900000|100%| O|  |TAMS 0x0000000081800000, 0x0000000081800000| Untracked 
|   5|0x0000000081900000, 0x0000000081a00000, 0x0000000081a00000|100%| O|  |TAMS 0x0000000081900000, 0x0000000081900000| Untracked 
|   6|0x0000000081a00000, 0x0000000081b00000, 0x0000000081b00000|100%| O|  |TAMS 0x0000000081a00000, 0x0000000081a00000| Untracked 
|   7|0x0000000081b00000, 0x0000000081c00000, 0x0000000081c00000|100%| O|  |TAMS 0x0000000081b00000, 0x0000000081b00000| Untracked 
|   8|0x0000000081c00000, 0x0000000081d00000, 0x0000000081d00000|100%| O|  |TAMS 0x0000000081c00000, 0x0000000081c00000| Untracked 
|   9|0x0000000081d00000, 0x0000000081e00000, 0x0000000081e00000|100%| O|  |TAMS 0x0000000081d00000, 0x0000000081d00000| Untracked 
|  10|0x0000000081e00000, 0x0000000081f00000, 0x0000000081f00000|100%| O|  |TAMS 0x0000000081e00000, 0x0000000081e00000| Untracked 
|  11|0x0000000081f00000, 0x0000000082000000, 0x0000000082000000|100%| O|  |TAMS 0x0000000081f00000, 0x0000000081f00000| Untracked 
|  12|0x0000000082000000, 0x0000000082100000, 0x0000000082100000|100%| O|  |TAMS 0x0000000082000000, 0x0000000082000000| Untracked 
|  13|0x0000000082100000, 0x0000000082200000, 0x0000000082200000|100%| O|  |TAMS 0x0000000082100000, 0x0000000082100000| Untracked 
|  14|0x0000000082200000, 0x0000000082300000, 0x0000000082300000|100%| O|  |TAMS 0x0000000082200000, 0x0000000082200000| Untracked 
|  15|0x0000000082300000, 0x0000000082400000, 0x0000000082400000|100%| O|  |TAMS 0x0000000082300000, 0x0000000082300000| Untracked 
|  16|0x0000000082400000, 0x0000000082497400, 0x0000000082500000| 59%| O|  |TAMS 0x0000000082400000, 0x0000000082400000| Untracked 
|  17|0x0000000082500000, 0x0000000082500000, 0x0000000082600000|  0%| F|  |TAMS 0x0000000082500000, 0x0000000082500000| Untracked 
|  18|0x0000000082600000, 0x0000000082600000, 0x0000000082700000|  0%| F|  |TAMS 0x0000000082600000, 0x0000000082600000| Untracked 
|  19|0x0000000082700000, 0x0000000082700000, 0x0000000082800000|  0%| F|  |TAMS 0x0000000082700000, 0x0000000082700000| Untracked 
|  20|0x0000000082800000, 0x0000000082800000, 0x0000000082900000|  0%| F|  |TAMS 0x0000000082800000, 0x0000000082800000| Untracked 
|  21|0x0000000082900000, 0x0000000082900000, 0x0000000082a00000|  0%| F|  |TAMS 0x0000000082900000, 0x0000000082900000| Untracked 
|  22|0x0000000082a00000, 0x0000000082a00000, 0x0000000082b00000|  0%| F|  |TAMS 0x0000000082a00000, 0x0000000082a00000| Untracked 
|  23|0x0000000082b00000, 0x0000000082b00000, 0x0000000082c00000|  0%| F|  |TAMS 0x0000000082b00000, 0x0000000082b00000| Untracked 
|  24|0x0000000082c00000, 0x0000000082c00000, 0x0000000082d00000|  0%| F|  |TAMS 0x0000000082c00000, 0x0000000082c00000| Untracked 
|  25|0x0000000082d00000, 0x0000000082d00000, 0x0000000082e00000|  0%| F|  |TAMS 0x0000000082d00000, 0x0000000082d00000| Untracked 
|  26|0x0000000082e00000, 0x0000000082e00000, 0x0000000082f00000|  0%| F|  |TAMS 0x0000000082e00000, 0x0000000082e00000| Untracked 
|  27|0x0000000082f00000, 0x0000000082f00000, 0x0000000083000000|  0%| F|  |TAMS 0x0000000082f00000, 0x0000000082f00000| Untracked 
|  28|0x0000000083000000, 0x0000000083000000, 0x0000000083100000|  0%| F|  |TAMS 0x0000000083000000, 0x0000000083000000| Untracked 
|  29|0x0000000083100000, 0x0000000083100000, 0x0000000083200000|  0%| F|  |TAMS 0x0000000083100000, 0x0000000083100000| Untracked 
|  30|0x0000000083200000, 0x0000000083200000, 0x0000000083300000|  0%| F|  |TAMS 0x0000000083200000, 0x0000000083200000| Untracked 
|  31|0x0000000083300000, 0x0000000083300000, 0x0000000083400000|  0%| F|  |TAMS 0x0000000083300000, 0x0000000083300000| Untracked 
|  32|0x0000000083400000, 0x0000000083400000, 0x0000000083500000|  0%| F|  |TAMS 0x0000000083400000, 0x0000000083400000| Untracked 
|  33|0x0000000083500000, 0x0000000083500000, 0x0000000083600000|  0%| F|  |TAMS 0x0000000083500000, 0x0000000083500000| Untracked 
|  34|0x0000000083600000, 0x0000000083600000, 0x0000000083700000|  0%| F|  |TAMS 0x0000000083600000, 0x0000000083600000| Untracked 
|  35|0x0000000083700000, 0x0000000083700000, 0x0000000083800000|  0%| F|  |TAMS 0x0000000083700000, 0x0000000083700000| Untracked 
|  36|0x0000000083800000, 0x0000000083800000, 0x0000000083900000|  0%| F|  |TAMS 0x0000000083800000, 0x0000000083800000| Untracked 
|  37|0x0000000083900000, 0x0000000083900000, 0x0000000083a00000|  0%| F|  |TAMS 0x0000000083900000, 0x0000000083900000| Untracked 
|  38|0x0000000083a00000, 0x0000000083a00000, 0x0000000083b00000|  0%| F|  |TAMS 0x0000000083a00000, 0x0000000083a00000| Untracked 
|  39|0x0000000083b00000, 0x0000000083b00000, 0x0000000083c00000|  0%| F|  |TAMS 0x0000000083b00000, 0x0000000083b00000| Untracked 
|  40|0x0000000083c00000, 0x0000000083c00000, 0x0000000083d00000|  0%| F|  |TAMS 0x0000000083c00000, 0x0000000083c00000| Untracked 
|  41|0x0000000083d00000, 0x0000000083d00000, 0x0000000083e00000|  0%| F|  |TAMS 0x0000000083d00000, 0x0000000083d00000| Untracked 
|  42|0x0000000083e00000, 0x0000000083e00000, 0x0000000083f00000|  0%| F|  |TAMS 0x0000000083e00000, 0x0000000083e00000| Untracked 
|  43|0x0000000083f00000, 0x0000000083f00000, 0x0000000084000000|  0%| F|  |TAMS 0x0000000083f00000, 0x0000000083f00000| Untracked 
|  44|0x0000000084000000, 0x0000000084000000, 0x0000000084100000|  0%| F|  |TAMS 0x0000000084000000, 0x0000000084000000| Untracked 
|  45|0x0000000084100000, 0x0000000084100000, 0x0000000084200000|  0%| F|  |TAMS 0x0000000084100000, 0x0000000084100000| Untracked 
|  46|0x0000000084200000, 0x0000000084200000, 0x0000000084300000|  0%| F|  |TAMS 0x0000000084200000, 0x0000000084200000| Untracked 
|  47|0x0000000084300000, 0x0000000084300000, 0x0000000084400000|  0%| F|  |TAMS 0x0000000084300000, 0x0000000084300000| Untracked 
|  48|0x0000000084400000, 0x0000000084400000, 0x0000000084500000|  0%| F|  |TAMS 0x0000000084400000, 0x0000000084400000| Untracked 
|  49|0x0000000084500000, 0x0000000084500000, 0x0000000084600000|  0%| F|  |TAMS 0x0000000084500000, 0x0000000084500000| Untracked 
|  50|0x0000000084600000, 0x0000000084600000, 0x0000000084700000|  0%| F|  |TAMS 0x0000000084600000, 0x0000000084600000| Untracked 
|  51|0x0000000084700000, 0x0000000084700000, 0x0000000084800000|  0%| F|  |TAMS 0x0000000084700000, 0x0000000084700000| Untracked 
|  52|0x0000000084800000, 0x0000000084800000, 0x0000000084900000|  0%| F|  |TAMS 0x0000000084800000, 0x0000000084800000| Untracked 
|  53|0x0000000084900000, 0x0000000084900000, 0x0000000084a00000|  0%| F|  |TAMS 0x0000000084900000, 0x0000000084900000| Untracked 
|  54|0x0000000084a00000, 0x0000000084a00000, 0x0000000084b00000|  0%| F|  |TAMS 0x0000000084a00000, 0x0000000084a00000| Untracked 
|  55|0x0000000084b00000, 0x0000000084b00000, 0x0000000084c00000|  0%| F|  |TAMS 0x0000000084b00000, 0x0000000084b00000| Untracked 
|  56|0x0000000084c00000, 0x0000000084c00000, 0x0000000084d00000|  0%| F|  |TAMS 0x0000000084c00000, 0x0000000084c00000| Untracked 
|  57|0x0000000084d00000, 0x0000000084d00000, 0x0000000084e00000|  0%| F|  |TAMS 0x0000000084d00000, 0x0000000084d00000| Untracked 
|  58|0x0000000084e00000, 0x0000000084e00000, 0x0000000084f00000|  0%| F|  |TAMS 0x0000000084e00000, 0x0000000084e00000| Untracked 
|  59|0x0000000084f00000, 0x0000000084f00000, 0x0000000085000000|  0%| F|  |TAMS 0x0000000084f00000, 0x0000000084f00000| Untracked 
|  60|0x0000000085000000, 0x0000000085000000, 0x0000000085100000|  0%| F|  |TAMS 0x0000000085000000, 0x0000000085000000| Untracked 
|  61|0x0000000085100000, 0x0000000085100000, 0x0000000085200000|  0%| F|  |TAMS 0x0000000085100000, 0x0000000085100000| Untracked 
|  62|0x0000000085200000, 0x0000000085200000, 0x0000000085300000|  0%| F|  |TAMS 0x0000000085200000, 0x0000000085200000| Untracked 
|  63|0x0000000085300000, 0x0000000085300000, 0x0000000085400000|  0%| F|  |TAMS 0x0000000085300000, 0x0000000085300000| Untracked 
|  64|0x0000000085400000, 0x0000000085400000, 0x0000000085500000|  0%| F|  |TAMS 0x0000000085400000, 0x0000000085400000| Untracked 
|  65|0x0000000085500000, 0x0000000085500000, 0x0000000085600000|  0%| F|  |TAMS 0x0000000085500000, 0x0000000085500000| Untracked 
|  66|0x0000000085600000, 0x0000000085600000, 0x0000000085700000|  0%| F|  |TAMS 0x0000000085600000, 0x0000000085600000| Untracked 
|  67|0x0000000085700000, 0x0000000085700000, 0x0000000085800000|  0%| F|  |TAMS 0x0000000085700000, 0x0000000085700000| Untracked 
|  68|0x0000000085800000, 0x0000000085800000, 0x0000000085900000|  0%| F|  |TAMS 0x0000000085800000, 0x0000000085800000| Untracked 
|  69|0x0000000085900000, 0x0000000085900000, 0x0000000085a00000|  0%| F|  |TAMS 0x0000000085900000, 0x0000000085900000| Untracked 
|  70|0x0000000085a00000, 0x0000000085a00000, 0x0000000085b00000|  0%| F|  |TAMS 0x0000000085a00000, 0x0000000085a00000| Untracked 
|  71|0x0000000085b00000, 0x0000000085b00000, 0x0000000085c00000|  0%| F|  |TAMS 0x0000000085b00000, 0x0000000085b00000| Untracked 
|  72|0x0000000085c00000, 0x0000000085c00000, 0x0000000085d00000|  0%| F|  |TAMS 0x0000000085c00000, 0x0000000085c00000| Untracked 
|  73|0x0000000085d00000, 0x0000000085d00000, 0x0000000085e00000|  0%| F|  |TAMS 0x0000000085d00000, 0x0000000085d00000| Untracked 
|  74|0x0000000085e00000, 0x0000000085e00000, 0x0000000085f00000|  0%| F|  |TAMS 0x0000000085e00000, 0x0000000085e00000| Untracked 
|  75|0x0000000085f00000, 0x0000000085f00000, 0x0000000086000000|  0%| F|  |TAMS 0x0000000085f00000, 0x0000000085f00000| Untracked 
|  76|0x0000000086000000, 0x0000000086000000, 0x0000000086100000|  0%| F|  |TAMS 0x0000000086000000, 0x0000000086000000| Untracked 
|  77|0x0000000086100000, 0x0000000086100000, 0x0000000086200000|  0%| F|  |TAMS 0x0000000086100000, 0x0000000086100000| Untracked 
|  78|0x0000000086200000, 0x0000000086200000, 0x0000000086300000|  0%| F|  |TAMS 0x0000000086200000, 0x0000000086200000| Untracked 
|  79|0x0000000086300000, 0x0000000086300000, 0x0000000086400000|  0%| F|  |TAMS 0x0000000086300000, 0x0000000086300000| Untracked 
|  80|0x0000000086400000, 0x0000000086400000, 0x0000000086500000|  0%| F|  |TAMS 0x0000000086400000, 0x0000000086400000| Untracked 
|  81|0x0000000086500000, 0x0000000086500000, 0x0000000086600000|  0%| F|  |TAMS 0x0000000086500000, 0x0000000086500000| Untracked 
|  82|0x0000000086600000, 0x0000000086600000, 0x0000000086700000|  0%| F|  |TAMS 0x0000000086600000, 0x0000000086600000| Untracked 
|  83|0x0000000086700000, 0x0000000086700000, 0x0000000086800000|  0%| F|  |TAMS 0x0000000086700000, 0x0000000086700000| Untracked 
|  84|0x0000000086800000, 0x0000000086800000, 0x0000000086900000|  0%| F|  |TAMS 0x0000000086800000, 0x0000000086800000| Untracked 
|  85|0x0000000086900000, 0x0000000086900000, 0x0000000086a00000|  0%| F|  |TAMS 0x0000000086900000, 0x0000000086900000| Untracked 
|  86|0x0000000086a00000, 0x0000000086a00000, 0x0000000086b00000|  0%| F|  |TAMS 0x0000000086a00000, 0x0000000086a00000| Untracked 
|  87|0x0000000086b00000, 0x0000000086b00000, 0x0000000086c00000|  0%| F|  |TAMS 0x0000000086b00000, 0x0000000086b00000| Untracked 
|  88|0x0000000086c00000, 0x0000000086c00000, 0x0000000086d00000|  0%| F|  |TAMS 0x0000000086c00000, 0x0000000086c00000| Untracked 
|  89|0x0000000086d00000, 0x0000000086d00000, 0x0000000086e00000|  0%| F|  |TAMS 0x0000000086d00000, 0x0000000086d00000| Untracked 
|  90|0x0000000086e00000, 0x0000000086e00000, 0x0000000086f00000|  0%| F|  |TAMS 0x0000000086e00000, 0x0000000086e00000| Untracked 
|  91|0x0000000086f00000, 0x0000000086f00000, 0x0000000087000000|  0%| F|  |TAMS 0x0000000086f00000, 0x0000000086f00000| Untracked 
|  92|0x0000000087000000, 0x0000000087000000, 0x0000000087100000|  0%| F|  |TAMS 0x0000000087000000, 0x0000000087000000| Untracked 
|  93|0x0000000087100000, 0x0000000087100000, 0x0000000087200000|  0%| F|  |TAMS 0x0000000087100000, 0x0000000087100000| Untracked 
|  94|0x0000000087200000, 0x0000000087200000, 0x0000000087300000|  0%| F|  |TAMS 0x0000000087200000, 0x0000000087200000| Untracked 
|  95|0x0000000087300000, 0x0000000087300000, 0x0000000087400000|  0%| F|  |TAMS 0x0000000087300000, 0x0000000087300000| Untracked 
|  96|0x0000000087400000, 0x0000000087400000, 0x0000000087500000|  0%| F|  |TAMS 0x0000000087400000, 0x0000000087400000| Untracked 
|  97|0x0000000087500000, 0x0000000087500000, 0x0000000087600000|  0%| F|  |TAMS 0x0000000087500000, 0x0000000087500000| Untracked 
|  98|0x0000000087600000, 0x0000000087600000, 0x0000000087700000|  0%| F|  |TAMS 0x0000000087600000, 0x0000000087600000| Untracked 
|  99|0x0000000087700000, 0x0000000087700000, 0x0000000087800000|  0%| F|  |TAMS 0x0000000087700000, 0x0000000087700000| Untracked 
| 100|0x0000000087800000, 0x0000000087800000, 0x0000000087900000|  0%| F|  |TAMS 0x0000000087800000, 0x0000000087800000| Untracked 
| 101|0x0000000087900000, 0x0000000087900000, 0x0000000087a00000|  0%| F|  |TAMS 0x0000000087900000, 0x0000000087900000| Untracked 
| 102|0x0000000087a00000, 0x0000000087a00000, 0x0000000087b00000|  0%| F|  |TAMS 0x0000000087a00000, 0x0000000087a00000| Untracked 
| 103|0x0000000087b00000, 0x0000000087b00000, 0x0000000087c00000|  0%| F|  |TAMS 0x0000000087b00000, 0x0000000087b00000| Untracked 
| 104|0x0000000087c00000, 0x0000000087c00000, 0x0000000087d00000|  0%| F|  |TAMS 0x0000000087c00000, 0x0000000087c00000| Untracked 
| 105|0x0000000087d00000, 0x0000000087d00000, 0x0000000087e00000|  0%| F|  |TAMS 0x0000000087d00000, 0x0000000087d00000| Untracked 
| 106|0x0000000087e00000, 0x0000000087e00000, 0x0000000087f00000|  0%| F|  |TAMS 0x0000000087e00000, 0x0000000087e00000| Untracked 
| 107|0x0000000087f00000, 0x0000000087f00000, 0x0000000088000000|  0%| F|  |TAMS 0x0000000087f00000, 0x0000000087f00000| Untracked 
| 108|0x0000000088000000, 0x0000000088000000, 0x0000000088100000|  0%| F|  |TAMS 0x0000000088000000, 0x0000000088000000| Untracked 
| 109|0x0000000088100000, 0x0000000088100000, 0x0000000088200000|  0%| F|  |TAMS 0x0000000088100000, 0x0000000088100000| Untracked 
| 110|0x0000000088200000, 0x0000000088200000, 0x0000000088300000|  0%| F|  |TAMS 0x0000000088200000, 0x0000000088200000| Untracked 
| 111|0x0000000088300000, 0x0000000088300000, 0x0000000088400000|  0%| F|  |TAMS 0x0000000088300000, 0x0000000088300000| Untracked 
| 112|0x0000000088400000, 0x0000000088400000, 0x0000000088500000|  0%| F|  |TAMS 0x0000000088400000, 0x0000000088400000| Untracked 
| 113|0x0000000088500000, 0x0000000088500000, 0x0000000088600000|  0%| F|  |TAMS 0x0000000088500000, 0x0000000088500000| Untracked 
| 114|0x0000000088600000, 0x0000000088685468, 0x0000000088700000| 52%| E|  |TAMS 0x0000000088600000, 0x0000000088600000| Complete 
| 115|0x0000000088700000, 0x0000000088800000, 0x0000000088800000|100%| E|CS|TAMS 0x0000000088700000, 0x0000000088700000| Complete 
| 116|0x0000000088800000, 0x0000000088900000, 0x0000000088900000|100%| E|CS|TAMS 0x0000000088800000, 0x0000000088800000| Complete 
| 117|0x0000000088900000, 0x0000000088a00000, 0x0000000088a00000|100%| E|CS|TAMS 0x0000000088900000, 0x0000000088900000| Complete 
| 118|0x0000000088a00000, 0x0000000088b00000, 0x0000000088b00000|100%| S|CS|TAMS 0x0000000088a00000, 0x0000000088a00000| Complete 
| 119|0x0000000088b00000, 0x0000000088c00000, 0x0000000088c00000|100%| S|CS|TAMS 0x0000000088b00000, 0x0000000088b00000| Complete 
| 120|0x0000000088c00000, 0x0000000088d00000, 0x0000000088d00000|100%| E|CS|TAMS 0x0000000088c00000, 0x0000000088c00000| Complete 
| 121|0x0000000088d00000, 0x0000000088e00000, 0x0000000088e00000|100%| E|CS|TAMS 0x0000000088d00000, 0x0000000088d00000| Complete 
| 122|0x0000000088e00000, 0x0000000088f00000, 0x0000000088f00000|100%| E|CS|TAMS 0x0000000088e00000, 0x0000000088e00000| Complete 
| 123|0x0000000088f00000, 0x0000000089000000, 0x0000000089000000|100%| E|CS|TAMS 0x0000000088f00000, 0x0000000088f00000| Complete 
| 124|0x0000000089000000, 0x0000000089100000, 0x0000000089100000|100%| E|CS|TAMS 0x0000000089000000, 0x0000000089000000| Complete 
| 125|0x0000000089100000, 0x0000000089200000, 0x0000000089200000|100%| E|CS|TAMS 0x0000000089100000, 0x0000000089100000| Complete 
| 126|0x0000000089200000, 0x0000000089300000, 0x0000000089300000|100%| E|CS|TAMS 0x0000000089200000, 0x0000000089200000| Complete 
| 127|0x0000000089300000, 0x0000000089400000, 0x0000000089400000|100%| E|CS|TAMS 0x0000000089300000, 0x0000000089300000| Complete 

Card table byte_map: [0x0000020467250000,0x0000020467650000] _byte_map_base: 0x0000020466e46000

Marking Bits (Prev, Next): (CMBitMap*) 0x000002044fa93308, (CMBitMap*) 0x000002044fa93340
 Prev Bits: [0x0000020467a50000, 0x0000020469a00000)
 Next Bits: [0x0000020469a00000, 0x000002046b9b0000)

Polling page: 0x000002044d8f0000

Metaspace:

Usage:
  Non-class:     12.28 MB capacity,    12.01 MB ( 98%) used,   240.29 KB (  2%) free+waste,    31.88 KB ( <1%) overhead. 
      Class:      1.54 MB capacity,     1.39 MB ( 91%) used,   130.59 KB (  8%) free+waste,    15.63 KB ( <1%) overhead. 
       Both:     13.81 MB capacity,    13.41 MB ( 97%) used,   370.88 KB (  3%) free+waste,    47.50 KB ( <1%) overhead. 

Virtual space:
  Non-class space:       14.00 MB reserved,      12.50 MB ( 89%) committed 
      Class space:        1.00 GB reserved,       1.63 MB ( <1%) committed 
             Both:        1.01 GB reserved,      14.13 MB (  1%) committed 

Chunk freelists:
   Non-Class:  4.38 KB
       Class:  3.38 KB
        Both:  7.75 KB

CodeHeap 'non-profiled nmethods': size=238912Kb used=1479Kb max_used=1479Kb free=237433Kb
 bounds [0x0000020458500000, 0x0000020458770000, 0x0000020466e50000]
CodeHeap 'non-nmethods': size=6848Kb used=1110Kb max_used=1110Kb free=5737Kb
 bounds [0x0000020457e50000, 0x00000204580c0000, 0x0000020458500000]
 total_blobs=1516 nmethods=1087 adapters=339
 compilation: enabled
              stopped_count=0, restarted_count=0
 full_count=0

Compilation events (10 events):
Event: 2.493 Thread 0x000002046decd000 1083       1       java.util.jar.Attributes::putValue (13 bytes)
Event: 2.494 Thread 0x000002046decd000 nmethod 1083 0x0000020458670210 code [0x0000020458670400, 0x00000204586707f0]
Event: 2.494 Thread 0x000002046decd000 1084       1       java.util.jar.Attributes$Name::of (28 bytes)
Event: 2.495 Thread 0x000002046decd000 nmethod 1084 0x0000020458670a10 code [0x0000020458670be0, 0x0000020458670ee0]
Event: 2.495 Thread 0x000002046decd000 1085       1       java.util.jar.Attributes::put (18 bytes)
Event: 2.495 Thread 0x000002046decd000 nmethod 1085 0x0000020458671110 code [0x00000204586712c0, 0x0000020458671470]
Event: 2.495 Thread 0x000002046decd000 1086       1       sun.nio.cs.MS1252::historicalName (3 bytes)
Event: 2.495 Thread 0x000002046decd000 nmethod 1086 0x0000020458671510 code [0x00000204586716a0, 0x00000204586717b8]
Event: 2.496 Thread 0x000002046decd000 1087       1       sun.net.www.ParseUtil::encodePath (41 bytes)
Event: 2.497 Thread 0x000002046decd000 nmethod 1087 0x0000020458671810 code [0x00000204586719c0, 0x0000020458671b70]

GC Heap History (4 events):
Event: 1.270 GC heap before
{Heap before GC invocations=0 (full 0):
 garbage-first heap   total 131072K, used 14336K [0x0000000081400000, 0x0000000100000000)
  region size 1024K, 14 young (14336K), 0 survivors (0K)
 Metaspace       used 6085K, capacity 6170K, committed 6272K, reserved 1056768K
  class space    used 539K, capacity 567K, committed 640K, reserved 1048576K
}
Event: 1.278 GC heap after
{Heap after GC invocations=1 (full 0):
 garbage-first heap   total 131072K, used 11759K [0x0000000081400000, 0x0000000100000000)
  region size 1024K, 2 young (2048K), 2 survivors (2048K)
 Metaspace       used 6085K, capacity 6170K, committed 6272K, reserved 1056768K
  class space    used 539K, capacity 567K, committed 640K, reserved 1048576K
}
Event: 1.408 GC heap before
{Heap before GC invocations=1 (full 0):
 garbage-first heap   total 131072K, used 18927K [0x0000000081400000, 0x0000000100000000)
  region size 1024K, 10 young (10240K), 2 survivors (2048K)
 Metaspace       used 8014K, capacity 8126K, committed 8320K, reserved 1056768K
  class space    used 766K, capacity 795K, committed 896K, reserved 1048576K
}
Event: 1.413 GC heap after
{Heap after GC invocations=2 (full 0):
 garbage-first heap   total 131072K, used 19037K [0x0000000081400000, 0x0000000100000000)
  region size 1024K, 2 young (2048K), 2 survivors (2048K)
 Metaspace       used 8014K, capacity 8126K, committed 8320K, reserved 1056768K
  class space    used 766K, capacity 795K, committed 896K, reserved 1048576K
}

Deoptimization events (0 events):
No events

Classes redefined (0 events):
No events

Internal exceptions (10 events):
Event: 1.667 Thread 0x000002044fa4f000 Exception <a 'java/lang/NoSuchMethodError'{0x0000000089033d58}: java.lang.invoke.DirectMethodHandle$Holder.invokeStaticInit(Ljava/lang/Object;IIII)Ljava/lang/Object;> (0x0000000089033d58) thrown at [./open/src/hotspot/share/interpreter/linkResolver.cpp, l
Event: 2.378 Thread 0x000002044fa4f000 Exception <a 'java/lang/NoSuchMethodError'{0x000000008907a0b8}: java.lang.invoke.DirectMethodHandle$Holder.invokeStatic(Ljava/lang/Object;Ljava/lang/Object;IIII)Ljava/lang/Object;> (0x000000008907a0b8) thrown at [./open/src/hotspot/share/interpreter/linkR
Event: 2.378 Thread 0x000002044fa4f000 Exception <a 'java/lang/NoSuchMethodError'{0x000000008907d400}: java.lang.invoke.DirectMethodHandle$Holder.invokeStaticInit(Ljava/lang/Object;Ljava/lang/Object;IIII)Ljava/lang/Object;> (0x000000008907d400) thrown at [./open/src/hotspot/share/interpreter/l
Event: 2.391 Thread 0x000002044fa4f000 Exception <a 'java/lang/ClassNotFoundException'{0x000000008909aba0}: javax/management/remote/rmi/RMIServerImpl_Skel> (0x000000008909aba0) thrown at [./open/src/hotspot/share/classfile/systemDictionary.cpp, line 228]
Event: 2.442 Thread 0x000002044fa4f000 Exception <a 'java/lang/ClassNotFoundException'{0x0000000088f44a50}: jdk/internal/agent/resources/spi/agentProvider> (0x0000000088f44a50) thrown at [./open/src/hotspot/share/classfile/systemDictionary.cpp, line 228]
Event: 2.457 Thread 0x000002044fa4f000 Exception <a 'java/lang/NoSuchMethodError'{0x0000000088f9a390}: java.lang.invoke.DirectMethodHandle$Holder.invokeStatic(Ljava/lang/Object;Ljava/lang/Object;Ljava/lang/Object;Ljava/lang/Object;Ljava/lang/Object;Ljava/lang/Object;Ljava/lang/Object;Ljava/lan
Event: 2.458 Thread 0x000002044fa4f000 Exception <a 'java/lang/NoSuchMethodError'{0x0000000088fa6bb0}: java.lang.invoke.DirectMethodHandle$Holder.invokeStatic(Ljava/lang/Object;Ljava/lang/Object;Ljava/lang/Object;Ljava/lang/Object;Ljava/lang/Object;Ljava/lang/Object;Ljava/lang/Object;Ljava/lan
Event: 2.460 Thread 0x000002044fa4f000 Exception <a 'java/lang/NoSuchMethodError'{0x0000000088fc0688}: java.lang.invoke.DelegatingMethodHandle$Holder.reinvoke_L(Ljava/lang/Object;ILjava/lang/Object;)Ljava/lang/Object;> (0x0000000088fc0688) thrown at [./open/src/hotspot/share/interpreter/linkRe
Event: 2.541 Thread 0x000002044fa4f000 Exception <a 'java/lang/ClassNotFoundException'{0x0000000088daec70}: javax/smartcardio/CardPermission> (0x0000000088daec70) thrown at [./open/src/hotspot/share/classfile/systemDictionary.cpp, line 228]
Event: 2.550 Thread 0x000002044fa4f000 Exception <a 'java/io/FileNotFoundException'{0x0000000088dbd038}> (0x0000000088dbd038) thrown at [./open/src/hotspot/share/prims/jni.cpp, line 611]

Events (10 events):
Event: 2.563 loading class sun/net/www/URLConnection done
Event: 2.564 loading class sun/net/www/protocol/file/FileURLConnection done
Event: 2.564 loading class sun/net/www/MessageHeader
Event: 2.565 loading class sun/net/www/MessageHeader done
Event: 2.565 loading class java/io/FilePermissionCollection
Event: 2.565 loading class java/io/FilePermissionCollection done
Event: 2.565 loading class java/io/FilePermissionCollection$1
Event: 2.565 loading class java/io/FilePermissionCollection$1 done
Event: 2.565 loading class java/security/PermissionsEnumerator
Event: 2.565 loading class java/security/PermissionsEnumerator done


Dynamic libraries:
0x00007ff75f6f0000 - 0x00007ff75f737000 	C:\Program Files\Java\jdk-11.0.7\bin\javaw.exe
0x00007ffd888d0000 - 0x00007ffd88ac6000 	C:\WINDOWS\SYSTEM32\ntdll.dll
0x00007ffd7e6b0000 - 0x00007ffd7e6c2000 	C:\Program Files\AVAST Software\Avast\aswhook.dll
0x00007ffd87ad0000 - 0x00007ffd87b8d000 	C:\WINDOWS\System32\KERNEL32.DLL
0x00007ffd86010000 - 0x00007ffd862d8000 	C:\WINDOWS\System32\KERNELBASE.dll
0x00007ffd873b0000 - 0x00007ffd8745c000 	C:\WINDOWS\System32\ADVAPI32.dll
0x00007ffd87310000 - 0x00007ffd873ae000 	C:\WINDOWS\System32\msvcrt.dll
0x00007ffd87b90000 - 0x00007ffd87c2b000 	C:\WINDOWS\System32\sechost.dll
0x00007ffd885e0000 - 0x00007ffd88704000 	C:\WINDOWS\System32\RPCRT4.dll
0x00007ffd87460000 - 0x00007ffd87600000 	C:\WINDOWS\System32\USER32.dll
0x00007ffd86310000 - 0x00007ffd86332000 	C:\WINDOWS\System32\win32u.dll
0x00007ffd86940000 - 0x00007ffd8696a000 	C:\WINDOWS\System32\GDI32.dll
0x00007ffd86490000 - 0x00007ffd86599000 	C:\WINDOWS\System32\gdi32full.dll
0x00007ffd86340000 - 0x00007ffd863dd000 	C:\WINDOWS\System32\msvcp_win.dll
0x00007ffd86750000 - 0x00007ffd86850000 	C:\WINDOWS\System32\ucrtbase.dll
0x00007ffd7b600000 - 0x00007ffd7b89b000 	C:\WINDOWS\WinSxS\amd64_microsoft.windows.common-controls_6595b64144ccf1df_6.0.19041.488_none_ca04af081b815d21\COMCTL32.dll
0x00007ffd7ef10000 - 0x00007ffd7ef1a000 	C:\WINDOWS\SYSTEM32\VERSION.dll
0x00007ffd87c30000 - 0x00007ffd87c60000 	C:\WINDOWS\System32\IMM32.DLL
0x00007ffd81230000 - 0x00007ffd81246000 	C:\Program Files\Java\jdk-11.0.7\bin\vcruntime140.dll
0x00007ffd62de0000 - 0x00007ffd62e8a000 	C:\Program Files\Java\jdk-11.0.7\bin\msvcp140.dll
0x00007ffd30150000 - 0x00007ffd30cb1000 	C:\Program Files\Java\jdk-11.0.7\bin\server\jvm.dll
0x00007ffd86930000 - 0x00007ffd86938000 	C:\WINDOWS\System32\PSAPI.DLL
0x00007ffd72cb0000 - 0x00007ffd72cb9000 	C:\WINDOWS\SYSTEM32\WSOCK32.dll
0x00007ffd86ab0000 - 0x00007ffd86b1b000 	C:\WINDOWS\System32\WS2_32.dll
0x00007ffd6bac0000 - 0x00007ffd6bae7000 	C:\WINDOWS\SYSTEM32\WINMM.dll
0x00007ffd83f60000 - 0x00007ffd83f72000 	C:\WINDOWS\SYSTEM32\kernel.appcore.dll
0x00007ffd7e670000 - 0x00007ffd7e681000 	C:\Program Files\Java\jdk-11.0.7\bin\verify.dll
0x00007ffd78380000 - 0x00007ffd78564000 	C:\WINDOWS\SYSTEM32\DBGHELP.DLL
0x00007ffd78350000 - 0x00007ffd7837c000 	C:\WINDOWS\SYSTEM32\dbgcore.DLL
0x00007ffd868b0000 - 0x00007ffd8692f000 	C:\WINDOWS\System32\bcryptPrimitives.dll
0x00007ffd69b30000 - 0x00007ffd69b59000 	C:\Program Files\Java\jdk-11.0.7\bin\java.dll
0x00007ffd803d0000 - 0x00007ffd803da000 	C:\Program Files\Java\jdk-11.0.7\bin\jimage.dll
0x00007ffd73b50000 - 0x00007ffd73b66000 	C:\Program Files\Java\jdk-11.0.7\bin\zip.dll
0x00007ffd87c60000 - 0x00007ffd883a1000 	C:\WINDOWS\System32\SHELL32.dll
0x00007ffd84160000 - 0x00007ffd848f5000 	C:\WINDOWS\SYSTEM32\windows.storage.dll
0x00007ffd87600000 - 0x00007ffd87955000 	C:\WINDOWS\System32\combase.dll
0x00007ffd85a80000 - 0x00007ffd85aac000 	C:\WINDOWS\SYSTEM32\Wldp.dll
0x00007ffd86970000 - 0x00007ffd86a1e000 	C:\WINDOWS\System32\SHCORE.dll
0x00007ffd86a20000 - 0x00007ffd86a75000 	C:\WINDOWS\System32\shlwapi.dll
0x00007ffd85f40000 - 0x00007ffd85f66000 	C:\WINDOWS\SYSTEM32\profapi.dll
0x00007ffd6b280000 - 0x00007ffd6b299000 	C:\Program Files\Java\jdk-11.0.7\bin\net.dll
0x00007ffd7eff0000 - 0x00007ffd7f0f0000 	C:\WINDOWS\SYSTEM32\WINHTTP.dll
0x00007ffd85790000 - 0x00007ffd857fa000 	C:\WINDOWS\system32\mswsock.dll
0x00007ffd6b1d0000 - 0x00007ffd6b1e3000 	C:\Program Files\Java\jdk-11.0.7\bin\nio.dll
0x00007ffd803c0000 - 0x00007ffd803c9000 	C:\Program Files\Java\jdk-11.0.7\bin\management.dll
0x00007ffd80340000 - 0x00007ffd8034c000 	C:\Program Files\Java\jdk-11.0.7\bin\management_ext.dll
0x00007ffd6d8d0000 - 0x00007ffd6d8e7000 	C:\WINDOWS\system32\napinsp.dll
0x00007ffd6d2a0000 - 0x00007ffd6d2bb000 	C:\WINDOWS\system32\pnrpnsp.dll
0x00007ffd81510000 - 0x00007ffd81525000 	C:\WINDOWS\system32\wshbth.dll
0x00007ffd81630000 - 0x00007ffd8164d000 	C:\WINDOWS\system32\NLAapi.dll
0x00007ffd85420000 - 0x00007ffd8545b000 	C:\WINDOWS\SYSTEM32\IPHLPAPI.DLL
0x00007ffd85460000 - 0x00007ffd8552b000 	C:\WINDOWS\SYSTEM32\DNSAPI.dll
0x00007ffd86aa0000 - 0x00007ffd86aa8000 	C:\WINDOWS\System32\NSI.dll
0x00007ffd6a970000 - 0x00007ffd6a982000 	C:\WINDOWS\System32\winrnr.dll
0x00007ffd745a0000 - 0x00007ffd745aa000 	C:\Windows\System32\rasadhlp.dll
0x00007ffd74870000 - 0x00007ffd748ef000 	C:\WINDOWS\System32\fwpuclnt.dll
0x00007ffd862e0000 - 0x00007ffd86307000 	C:\WINDOWS\System32\bcrypt.dll
0x00007ffd859d0000 - 0x00007ffd859e8000 	C:\WINDOWS\SYSTEM32\CRYPTSP.dll
0x00007ffd850c0000 - 0x00007ffd850f4000 	C:\WINDOWS\system32\rsaenh.dll
0x00007ffd85f00000 - 0x00007ffd85f2e000 	C:\WINDOWS\SYSTEM32\USERENV.dll
0x00007ffd859f0000 - 0x00007ffd859fc000 	C:\WINDOWS\SYSTEM32\CRYPTBASE.dll
0x00007ffd7ee30000 - 0x00007ffd7ee47000 	C:\WINDOWS\SYSTEM32\dhcpcsvc6.DLL
0x00007ffd7ee10000 - 0x00007ffd7ee2d000 	C:\WINDOWS\SYSTEM32\dhcpcsvc.DLL

dbghelp: loaded successfully - version: 4.0.5 - missing functions: none
symbol engine: initialized successfully - sym options: 0x614 - pdb path: .;C:\Program Files\Java\jdk-11.0.7\bin;C:\WINDOWS\SYSTEM32;C:\Program Files\AVAST Software\Avast;C:\WINDOWS\WinSxS\amd64_microsoft.windows.common-controls_6595b64144ccf1df_6.0.19041.488_none_ca04af081b815d21;C:\Program Files\Java\jdk-11.0.7\bin\server

VM Arguments:
jvm_args: -Dcom.sun.management.jmxremote -Dcom.sun.management.jmxremote.port=57499 -Dcom.sun.management.jmxremote.authenticate=false -Dcom.sun.management.jmxremote.ssl=false -Djava.rmi.server.hostname=localhost -Dspring.jmx.enabled=true -Dspring.application.admin.enabled=true -Xverify:none -XX:TieredStopAtLevel=1 -Dspring.boot.project.name=cursospring -Dfile.encoding=UTF-8 
java_command: com.alanlima.cursospring.CursospringApplication --spring.output.ansi.enabled=always
java_class_path (initial): C:\Ambiente de Desenvolvimento\Projetos-STS\cursospring\target\classes;C:\Users\alanl\.m2\repository\org\springframework\boot\spring-boot-starter-web\2.3.4.RELEASE\spring-boot-starter-web-2.3.4.RELEASE.jar;C:\Users\alanl\.m2\repository\org\springframework\boot\spring-boot-starter\2.3.4.RELEASE\spring-boot-starter-2.3.4.RELEASE.jar;C:\Users\alanl\.m2\repository\org\springframework\boot\spring-boot-starter-logging\2.3.4.RELEASE\spring-boot-starter-logging-2.3.4.RELEASE.jar;C:\Users\alanl\.m2\repository\ch\qos\logback\logback-classic\1.2.3\logback-classic-1.2.3.jar;C:\Users\alanl\.m2\repository\ch\qos\logback\logback-core\1.2.3\logback-core-1.2.3.jar;C:\Users\alanl\.m2\repository\org\apache\logging\log4j\log4j-to-slf4j\2.13.3\log4j-to-slf4j-2.13.3.jar;C:\Users\alanl\.m2\repository\org\apache\logging\log4j\log4j-api\2.13.3\log4j-api-2.13.3.jar;C:\Users\alanl\.m2\repository\org\slf4j\jul-to-slf4j\1.7.30\jul-to-slf4j-1.7.30.jar;C:\Users\alanl\.m2\repository\jakarta\annotation\jakarta.annotation-api\1.3.5\jakarta.annotation-api-1.3.5.jar;C:\Users\alanl\.m2\repository\org\yaml\snakeyaml\1.26\snakeyaml-1.26.jar;C:\Users\alanl\.m2\repository\org\springframework\boot\spring-boot-starter-json\2.3.4.RELEASE\spring-boot-starter-json-2.3.4.RELEASE.jar;C:\Users\alanl\.m2\repository\com\fasterxml\jackson\datatype\jackson-datatype-jdk8\2.11.2\jackson-datatype-jdk8-2.11.2.jar;C:\Users\alanl\.m2\repository\com\fasterxml\jackson\datatype\jackson-datatype-jsr310\2.11.2\jackson-datatype-jsr310-2.11.2.jar;C:\Users\alanl\.m2\repository\com\fasterxml\jackson\module\jackson-module-parameter-names\2.11.2\jackson-module-parameter-names-2.11.2.jar;C:\Users\alanl\.m2\repository\org\springframework\boot\spring-boot-starter-tomcat\2.3.4.RELEASE\spring-boot-starter-tomcat-2.3.4.RELEASE.jar;C:\Users\alanl\.m2\repository\org\apache\tomcat\embed\tomcat-embed-core\9.0.38\tomcat-embed-core-9.0.38.jar;C:\Users\alanl\.m2\repository\org\glassfish\jakarta.el\3.0.3\jakarta.el-3.0.
Launcher Type: SUN_STANDARD

[Global flags]
     bool BytecodeVerificationLocal                = false                                     {product} {command line}
     bool BytecodeVerificationRemote               = false                                     {product} {command line}
     intx CICompilerCount                          = 3                                         {product} {ergonomic}
     uint ConcGCThreads                            = 1                                         {product} {ergonomic}
     uint G1ConcRefinementThreads                  = 4                                         {product} {ergonomic}
   size_t G1HeapRegionSize                         = 1048576                                   {product} {ergonomic}
    uintx GCDrainStackTargetSize                   = 64                                        {product} {ergonomic}
   size_t InitialHeapSize                          = 134217728                                 {product} {ergonomic}
     bool ManagementServer                         = true                                      {product} {command line}
   size_t MarkStackSize                            = 4194304                                   {product} {ergonomic}
   size_t MaxHeapSize                              = 2126512128                                {product} {ergonomic}
   size_t MaxNewSize                               = 1275068416                                {product} {ergonomic}
   size_t MinHeapDeltaBytes                        = 1048576                                   {product} {ergonomic}
    uintx NonNMethodCodeHeapSize                   = 6973028                                {pd product} {ergonomic}
    uintx NonProfiledCodeHeapSize                  = 244685212                              {pd product} {ergonomic}
    uintx ProfiledCodeHeapSize                     = 0                                      {pd product} {ergonomic}
    uintx ReservedCodeCacheSize                    = 251658240                              {pd product} {ergonomic}
     bool SegmentedCodeCache                       = true                                      {product} {ergonomic}
     intx TieredStopAtLevel                        = 1                                         {product} {command line}
     bool UseCompressedClassPointers               = true                                 {lp64_product} {ergonomic}
     bool UseCompressedOops                        = true                                 {lp64_product} {ergonomic}
     bool UseG1GC                                  = true                                      {product} {ergonomic}
     bool UseLargePagesIndividualAllocation        = false                                  {pd product} {ergonomic}

Logging:
Log output configuration:
 #0: stdout all=warning uptime,level,tags
 #1: stderr all=off uptime,level,tags

Environment Variables:
JAVA_HOME=C:\Program Files\Java\jdk-11.0.7
PATH=C:/Program Files/Java/jdk-11.0.7/bin/server;C:/Program Files/Java/jdk-11.0.7/bin;C:\Program Files (x86)\Intel\Intel(R) Management Engine Components\iCLS\;C:\Program Files\Intel\Intel(R) Management Engine Components\iCLS\;C:\windows\system32;C:\windows;C:\windows\System32\Wbem;C:\windows\System32\WindowsPowerShell\v1.0\;C:\Program Files (x86)\NVIDIA Corporation\PhysX\Common;C:\WINDOWS\system32;C:\WINDOWS;C:\WINDOWS\System32\Wbem;C:\WINDOWS\System32\WindowsPowerShell\v1.0\;C:\WINDOWS\System32\OpenSSH\;C:\Program Files\dotnet\;C:\Program Files\Microsoft SQL Server\130\Tools\Binn\;C:\Program Files\Microsoft SQL Server\Client SDK\ODBC\170\Tools\Binn\;C:\Program Files (x86)\Intel\Intel(R) Management Engine Components\DAL;C:\Program Files\Intel\Intel(R) Management Engine Components\DAL;C:\Program Files\Git\cmd;C:\Program Files\Java\jdk-11.0.7\bin;C:\Program Files\nodejs\;C:\Program Files\MongoDB\Server\4.4\bin;C:\Program Files (x86)\Yarn\bin\;C:\Program Files\NVIDIA Corporation\NVIDIA NvDLISR;C:\xampp\mysql\bin;;%SystemRoot%\system32;%SystemRoot%;%SystemRoot%\System32\Wbem;%SYSTEMROOT%\System32\WindowsPowerShell\v1.0\;%SYSTEMROOT%\System32\OpenSSH\;C:\Users\alanl\AppData\Local\Microsoft\WindowsApps;C:\Program Files\MySQL\MySQL Server 8.0\bin;C:\Program Files\heroku\bin;C:\Users\alanl\AppData\Roaming\npm;C:\Users\alanl\AppData\Local\Yarn\bin;C:\Program Files\Java\jdk-11.0.7\bin;;C:\Program Files\sts-4.7.1.RELEASE;
USERNAME=alanl
OS=Windows_NT
PROCESSOR_IDENTIFIER=Intel64 Family 6 Model 142 Stepping 9, GenuineIntel



---------------  S Y S T E M  ---------------

OS: Windows 10 , 64 bit Build 19041 (10.0.19041.546)

CPU:total 4 (initial active 4) (2 cores per cpu, 2 threads per core) family 6 model 142 stepping 9, cmov, cx8, fxsr, mmx, sse, sse2, sse3, ssse3, sse4.1, sse4.2, popcnt, avx, avx2, aes, clmul, erms, 3dnowpref, lzcnt, ht, tsc, tscinvbit, bmi1, bmi2, adx, fma

Memory: 4k page, system-wide physical 8105M (2059M free)
TotalPageFile size 11891M (AvailPageFile size 4360M)
current process WorkingSet (physical memory assigned to process): 82M, peak: 82M
current process commit charge ("private bytes"): 219M, peak: 219M

vm_info: Java HotSpot(TM) 64-Bit Server VM (11.0.7+8-LTS) for windows-amd64 JRE (11.0.7+8-LTS), built on Mar 12 2020 02:04:32 by "mach5one" with MS VC++ 15.5 (VS2017)

END.
